2020-02-28T21:34:40+00:00 cs-vm-w20#00 I: Runner: processes
2020-02-28T21:34:40+00:00 cs-vm-w20#00 I: Chooser: simple
2020-02-28T21:34:40+00:00 cs-vm-w20#00 I: Configuration suite_name = "all"
2020-02-28T21:34:40+00:00 cs-vm-w20#00 I: Configuration cache_filename = "/home/student/Desktop/lab4/oUnit-$(suite_name).cache"
2020-02-28T21:34:40+00:00 cs-vm-w20#00 I: Configuration run_gc_full_major = "true"
2020-02-28T21:34:40+00:00 cs-vm-w20#00 I: Configuration display = "true"
2020-02-28T21:34:40+00:00 cs-vm-w20#00 I: Configuration results_style_1_X = "false"
2020-02-28T21:34:40+00:00 cs-vm-w20#00 I: Configuration testdata_dir = "none"
2020-02-28T21:34:40+00:00 cs-vm-w20#00 I: Configuration health_check_interval = "1."
2020-02-28T21:34:40+00:00 cs-vm-w20#00 I: Configuration verbose = "false"
2020-02-28T21:34:40+00:00 cs-vm-w20#00 I: Configuration chooser = "simple"
2020-02-28T21:34:40+00:00 cs-vm-w20#00 I: Configuration output_html_dir = "none"
2020-02-28T21:34:40+00:00 cs-vm-w20#00 I: Configuration processes_kill_period = "5."
2020-02-28T21:34:40+00:00 cs-vm-w20#00 I: Configuration runner = "processes"
2020-02-28T21:34:40+00:00 cs-vm-w20#00 I: Configuration shards = "2"
2020-02-28T21:34:40+00:00 cs-vm-w20#00 I: Configuration processes_grace_period = "5."
2020-02-28T21:34:40+00:00 cs-vm-w20#00 I: Configuration log_encoding = "utf-8"
2020-02-28T21:34:40+00:00 cs-vm-w20#00 I: Configuration output_junit_file = "none"
2020-02-28T21:34:40+00:00 cs-vm-w20#00 I: Configuration ci = "false"
2020-02-28T21:34:40+00:00 cs-vm-w20#00 I: Configuration output_file = "/home/student/Desktop/lab4/oUnit-$(suite_name)-$(shard_id).log"
2020-02-28T21:34:40+00:00 cs-vm-w20#00 I: Using 2 workers maximum.
2020-02-28T21:34:40+00:00 cs-vm-w20#00 I: Starting worker number cs-vm-w20#01.
2020-02-28T21:34:40+00:00 cs-vm-w20#00 I: Worker cs-vm-w20#01 started.
2020-02-28T21:34:40+00:00 cs-vm-w20#00 I: Starting worker number cs-vm-w20#02.
2020-02-28T21:34:40+00:00 cs-vm-w20#00 I: Worker cs-vm-w20#02 started.
2020-02-28T21:34:40+00:00 cs-vm-w20#00 I: 2 tests running: all:1:make_segment/get_points, all:0:make_point/get_coords.
2020-02-28T21:34:40+00:00 cs-vm-w20#02 I: Start test all:1:make_segment/get_points.
2020-02-28T21:34:40+00:00 cs-vm-w20#00 I: 2 tests running: all:1:make_segment/get_points, all:0:make_point/get_coords.
2020-02-28T21:34:40+00:00 cs-vm-w20#01 I: Start test all:0:make_point/get_coords.
2020-02-28T21:34:40+00:00 cs-vm-w20#00 I: 2 tests running: all:1:make_segment/get_points, all:0:make_point/get_coords.
2020-02-28T21:34:40+00:00 cs-vm-w20#01 I: Test all:0:make_point/get_coords is successful.
2020-02-28T21:34:40+00:00 cs-vm-w20#00 I: 2 tests running: all:1:make_segment/get_points, all:0:make_point/get_coords.
2020-02-28T21:34:40+00:00 cs-vm-w20#02 I: Test all:1:make_segment/get_points is successful.
2020-02-28T21:34:40+00:00 cs-vm-w20#00 I: 2 tests running: all:1:make_segment/get_points, all:0:make_point/get_coords.
2020-02-28T21:34:40+00:00 cs-vm-w20#01 I: End test all:0:make_point/get_coords.
2020-02-28T21:34:40+00:00 cs-vm-w20#00 I: 2 tests running: all:1:make_segment/get_points, all:0:make_point/get_coords.
2020-02-28T21:34:40+00:00 cs-vm-w20#00 I: 2 tests running: all:2:segment_length, all:1:make_segment/get_points.
2020-02-28T21:34:40+00:00 cs-vm-w20#01 I: Start test all:2:segment_length.
2020-02-28T21:34:40+00:00 cs-vm-w20#00 I: 2 tests running: all:2:segment_length, all:1:make_segment/get_points.
2020-02-28T21:34:40+00:00 cs-vm-w20#01 I: Test all:2:segment_length is successful.
2020-02-28T21:34:40+00:00 cs-vm-w20#00 I: 2 tests running: all:2:segment_length, all:1:make_segment/get_points.
2020-02-28T21:34:40+00:00 cs-vm-w20#02 I: End test all:1:make_segment/get_points.
2020-02-28T21:34:40+00:00 cs-vm-w20#00 I: 2 tests running: all:2:segment_length, all:1:make_segment/get_points.
2020-02-28T21:34:40+00:00 cs-vm-w20#00 I: 2 tests running: all:3:midpoint_segment, all:2:segment_length.
2020-02-28T21:34:40+00:00 cs-vm-w20#02 I: Start test all:3:midpoint_segment.
2020-02-28T21:34:40+00:00 cs-vm-w20#00 I: 2 tests running: all:3:midpoint_segment, all:2:segment_length.
2020-02-28T21:34:40+00:00 cs-vm-w20#02 I: Test all:3:midpoint_segment is successful.
2020-02-28T21:34:40+00:00 cs-vm-w20#00 I: 2 tests running: all:3:midpoint_segment, all:2:segment_length.
2020-02-28T21:34:40+00:00 cs-vm-w20#02 I: End test all:3:midpoint_segment.
2020-02-28T21:34:40+00:00 cs-vm-w20#00 I: 2 tests running: all:3:midpoint_segment, all:2:segment_length.
2020-02-28T21:34:40+00:00 cs-vm-w20#01 I: End test all:2:segment_length.
2020-02-28T21:34:40+00:00 cs-vm-w20#00 I: 2 tests running: all:3:midpoint_segment, all:2:segment_length.
2020-02-28T21:34:40+00:00 cs-vm-w20#00 I: 2 tests running: all:4:make_rectangle, all:3:midpoint_segment.
2020-02-28T21:34:40+00:00 cs-vm-w20#01 I: Start test all:4:make_rectangle.
2020-02-28T21:34:40+00:00 cs-vm-w20#00 I: 2 tests running: all:4:make_rectangle, all:3:midpoint_segment.
2020-02-28T21:34:40+00:00 cs-vm-w20#00 I: 2 tests running: all:5:make_rectangle2, all:4:make_rectangle.
2020-02-28T21:34:40+00:00 cs-vm-w20#02 I: Start test all:5:make_rectangle2.
2020-02-28T21:34:40+00:00 cs-vm-w20#00 I: 2 tests running: all:5:make_rectangle2, all:4:make_rectangle.
2020-02-28T21:34:40+00:00 cs-vm-w20#02 I: Test all:5:make_rectangle2 is successful.
2020-02-28T21:34:40+00:00 cs-vm-w20#00 I: 2 tests running: all:5:make_rectangle2, all:4:make_rectangle.
2020-02-28T21:34:40+00:00 cs-vm-w20#01 I: Test all:4:make_rectangle is successful.
2020-02-28T21:34:40+00:00 cs-vm-w20#00 I: 2 tests running: all:5:make_rectangle2, all:4:make_rectangle.
2020-02-28T21:34:40+00:00 cs-vm-w20#02 I: End test all:5:make_rectangle2.
2020-02-28T21:34:40+00:00 cs-vm-w20#00 I: 2 tests running: all:5:make_rectangle2, all:4:make_rectangle.
2020-02-28T21:34:40+00:00 cs-vm-w20#00 I: 2 tests running: all:6:integer pairs, all:4:make_rectangle.
2020-02-28T21:34:40+00:00 cs-vm-w20#02 I: Start test all:6:integer pairs.
2020-02-28T21:34:40+00:00 cs-vm-w20#00 I: 2 tests running: all:6:integer pairs, all:4:make_rectangle.
2020-02-28T21:34:40+00:00 cs-vm-w20#01 I: End test all:4:make_rectangle.
2020-02-28T21:34:40+00:00 cs-vm-w20#00 I: 2 tests running: all:6:integer pairs, all:4:make_rectangle.
2020-02-28T21:34:40+00:00 cs-vm-w20#00 I: 2 tests running: all:7:unary integers, all:6:integer pairs.
2020-02-28T21:34:40+00:00 cs-vm-w20#01 I: Start test all:7:unary integers.
2020-02-28T21:34:40+00:00 cs-vm-w20#00 I: 2 tests running: all:7:unary integers, all:6:integer pairs.
2020-02-28T21:34:40+00:00 cs-vm-w20#02 I: Test all:6:integer pairs is successful.
2020-02-28T21:34:40+00:00 cs-vm-w20#00 I: 2 tests running: all:7:unary integers, all:6:integer pairs.
2020-02-28T21:34:40+00:00 cs-vm-w20#02 I: End test all:6:integer pairs.
2020-02-28T21:34:40+00:00 cs-vm-w20#00 I: 2 tests running: all:7:unary integers, all:6:integer pairs.
2020-02-28T21:34:40+00:00 cs-vm-w20#00 I: 2 tests running: all:8:unary integers 2, all:7:unary integers.
2020-02-28T21:34:40+00:00 cs-vm-w20#02 I: Start test all:8:unary integers 2.
2020-02-28T21:34:40+00:00 cs-vm-w20#00 I: 2 tests running: all:8:unary integers 2, all:7:unary integers.
2020-02-28T21:34:40+00:00 cs-vm-w20#02 I: Test all:8:unary integers 2 is successful.
2020-02-28T21:34:40+00:00 cs-vm-w20#00 I: 2 tests running: all:8:unary integers 2, all:7:unary integers.
2020-02-28T21:34:40+00:00 cs-vm-w20#02 I: End test all:8:unary integers 2.
2020-02-28T21:34:40+00:00 cs-vm-w20#00 I: 2 tests running: all:8:unary integers 2, all:7:unary integers.
2020-02-28T21:34:40+00:00 cs-vm-w20#00 I: 2 tests running: all:9:is_balanced, total_weight1, total_weight2, all:7:unary integers.
2020-02-28T21:34:40+00:00 cs-vm-w20#02 I: Start test all:9:is_balanced, total_weight1, total_weight2.
2020-02-28T21:34:40+00:00 cs-vm-w20#00 I: 2 tests running: all:9:is_balanced, total_weight1, total_weight2, all:7:unary integers.
2020-02-28T21:34:40+00:00 cs-vm-w20#02 I: Test all:9:is_balanced, total_weight1, total_weight2 is successful.
2020-02-28T21:34:40+00:00 cs-vm-w20#00 I: 2 tests running: all:9:is_balanced, total_weight1, total_weight2, all:7:unary integers.
2020-02-28T21:34:40+00:00 cs-vm-w20#02 I: End test all:9:is_balanced, total_weight1, total_weight2.
2020-02-28T21:34:40+00:00 cs-vm-w20#00 I: 2 tests running: all:9:is_balanced, total_weight1, total_weight2, all:7:unary integers.
2020-02-28T21:34:40+00:00 cs-vm-w20#00 I: 2 tests running: all:10:is_balanced', total_weight', all:7:unary integers.
2020-02-28T21:34:40+00:00 cs-vm-w20#02 I: Start test all:10:is_balanced', total_weight'.
2020-02-28T21:34:40+00:00 cs-vm-w20#00 I: 2 tests running: all:10:is_balanced', total_weight', all:7:unary integers.
2020-02-28T21:34:40+00:00 cs-vm-w20#02 I: Test all:10:is_balanced', total_weight' is successful.
2020-02-28T21:34:40+00:00 cs-vm-w20#00 I: 2 tests running: all:10:is_balanced', total_weight', all:7:unary integers.
2020-02-28T21:34:40+00:00 cs-vm-w20#02 I: End test all:10:is_balanced', total_weight'.
2020-02-28T21:34:40+00:00 cs-vm-w20#00 I: 2 tests running: all:10:is_balanced', total_weight', all:7:unary integers.
2020-02-28T21:34:40+00:00 cs-vm-w20#00 I: 2 tests running: all:11:square_tree, square_tree', all:7:unary integers.
2020-02-28T21:34:40+00:00 cs-vm-w20#02 I: Start test all:11:square_tree, square_tree'.
2020-02-28T21:34:40+00:00 cs-vm-w20#00 I: 2 tests running: all:11:square_tree, square_tree', all:7:unary integers.
2020-02-28T21:34:40+00:00 cs-vm-w20#02 I: Test all:11:square_tree, square_tree' is successful.
2020-02-28T21:34:40+00:00 cs-vm-w20#00 I: 2 tests running: all:11:square_tree, square_tree', all:7:unary integers.
2020-02-28T21:34:40+00:00 cs-vm-w20#02 I: End test all:11:square_tree, square_tree'.
2020-02-28T21:34:40+00:00 cs-vm-w20#00 I: 2 tests running: all:11:square_tree, square_tree', all:7:unary integers.
2020-02-28T21:34:40+00:00 cs-vm-w20#00 I: 2 tests running: all:12:square_tree'', all:7:unary integers.
2020-02-28T21:34:40+00:00 cs-vm-w20#02 I: Start test all:12:square_tree''.
2020-02-28T21:34:40+00:00 cs-vm-w20#00 I: 2 tests running: all:12:square_tree'', all:7:unary integers.
2020-02-28T21:34:40+00:00 cs-vm-w20#02 I: Test all:12:square_tree'' is successful.
2020-02-28T21:34:40+00:00 cs-vm-w20#00 I: 2 tests running: all:12:square_tree'', all:7:unary integers.
2020-02-28T21:34:40+00:00 cs-vm-w20#01 I: Test all:7:unary integers is successful.
2020-02-28T21:34:40+00:00 cs-vm-w20#00 I: 2 tests running: all:12:square_tree'', all:7:unary integers.
2020-02-28T21:34:40+00:00 cs-vm-w20#01 I: End test all:7:unary integers.
2020-02-28T21:34:40+00:00 cs-vm-w20#00 I: 2 tests running: all:12:square_tree'', all:7:unary integers.
2020-02-28T21:34:40+00:00 cs-vm-w20#00 I: 2 tests running: all:13:simplify, all:12:square_tree''.
2020-02-28T21:34:40+00:00 cs-vm-w20#01 I: Start test all:13:simplify.
2020-02-28T21:34:40+00:00 cs-vm-w20#00 I: 2 tests running: all:13:simplify, all:12:square_tree''.
2020-02-28T21:34:40+00:00 cs-vm-w20#02 I: End test all:12:square_tree''.
2020-02-28T21:34:40+00:00 cs-vm-w20#00 I: 2 tests running: all:13:simplify, all:12:square_tree''.
2020-02-28T21:34:40+00:00 cs-vm-w20#01 I: Test all:13:simplify is successful.
2020-02-28T21:34:40+00:00 cs-vm-w20#00 I: 2 tests running: all:13:simplify, all:12:square_tree''.
2020-02-28T21:34:40+00:00 cs-vm-w20#00 I: Still 2 tests running : all:14:derivative, all:13:simplify.
2020-02-28T21:34:40+00:00 cs-vm-w20#00 I: 2 tests running: all:14:derivative, all:13:simplify.
2020-02-28T21:34:40+00:00 cs-vm-w20#02 I: Start test all:14:derivative.
2020-02-28T21:34:40+00:00 cs-vm-w20#00 I: Still 2 tests running : all:14:derivative, all:13:simplify.
2020-02-28T21:34:40+00:00 cs-vm-w20#00 I: 2 tests running: all:14:derivative, all:13:simplify.
2020-02-28T21:34:40+00:00 cs-vm-w20#02 I: Test all:14:derivative is successful.
2020-02-28T21:34:40+00:00 cs-vm-w20#00 I: Still 2 tests running : all:14:derivative, all:13:simplify.
2020-02-28T21:34:40+00:00 cs-vm-w20#00 I: 2 tests running: all:14:derivative, all:13:simplify.
2020-02-28T21:34:40+00:00 cs-vm-w20#02 I: End test all:14:derivative.
2020-02-28T21:34:40+00:00 cs-vm-w20#00 I: Still 2 tests running : all:14:derivative, all:13:simplify.
2020-02-28T21:34:40+00:00 cs-vm-w20#00 I: 2 tests running: all:14:derivative, all:13:simplify.
2020-02-28T21:34:40+00:00 cs-vm-w20#00 I: Still 1 tests running : all:13:simplify.
2020-02-28T21:34:40+00:00 cs-vm-w20#00 I: 1 tests running: all:13:simplify.
2020-02-28T21:34:40+00:00 cs-vm-w20#01 I: End test all:13:simplify.
2020-02-28T21:34:40+00:00 cs-vm-w20#00 I: Still 1 tests running : all:13:simplify.
2020-02-28T21:34:40+00:00 cs-vm-w20#00 I: 1 tests running: all:13:simplify.
2020-02-28T21:34:40+00:00 cs-vm-w20#00 I: 0 tests running: .
2020-02-28T21:34:40+00:00 cs-vm-w20#00 I: Worker cs-vm-w20#01 has ended.
2020-02-28T21:34:40+00:00 cs-vm-w20#00 I: Worker cs-vm-w20#02 died unexpectedly.
2020-02-28T21:34:40+00:00 cs-vm-w20#00 I: Used 2 worker during test execution.
2020-02-28T21:34:40+00:00 cs-vm-w20#00 I: Run 5 tests with shard cs-vm-w20#01.
2020-02-28T21:34:40+00:00 cs-vm-w20#00 I: Run 10 tests with shard cs-vm-w20#02.
2020-02-28T21:34:40+00:00 cs-vm-w20#00 I: Check health of shard cs-vm-w20#01, 1 times.
2020-02-28T21:34:40+00:00 cs-vm-w20#00 I: Check health of shard cs-vm-w20#02, 4 times.
2020-02-28T21:34:40+00:00 cs-vm-w20#00 I: ==============
2020-02-28T21:34:40+00:00 cs-vm-w20#00 I: Summary:
2020-02-28T21:34:40+00:00 cs-vm-w20#00 I: Test all:13:simplify is successful.
2020-02-28T21:34:40+00:00 cs-vm-w20#00 I: Test all:14:derivative is successful.
2020-02-28T21:34:40+00:00 cs-vm-w20#00 I: Test all:12:square_tree'' is successful.
2020-02-28T21:34:40+00:00 cs-vm-w20#00 I: Test all:7:unary integers is successful.
2020-02-28T21:34:40+00:00 cs-vm-w20#00 I: Test all:11:square_tree, square_tree' is successful.
2020-02-28T21:34:40+00:00 cs-vm-w20#00 I: Test all:10:is_balanced', total_weight' is successful.
2020-02-28T21:34:40+00:00 cs-vm-w20#00 I: Test all:9:is_balanced, total_weight1, total_weight2 is successful.
2020-02-28T21:34:40+00:00 cs-vm-w20#00 I: Test all:8:unary integers 2 is successful.
2020-02-28T21:34:40+00:00 cs-vm-w20#00 I: Test all:6:integer pairs is successful.
2020-02-28T21:34:40+00:00 cs-vm-w20#00 I: Test all:4:make_rectangle is successful.
2020-02-28T21:34:40+00:00 cs-vm-w20#00 I: Test all:5:make_rectangle2 is successful.
2020-02-28T21:34:40+00:00 cs-vm-w20#00 I: Test all:3:midpoint_segment is successful.
2020-02-28T21:34:40+00:00 cs-vm-w20#00 I: Test all:2:segment_length is successful.
2020-02-28T21:34:40+00:00 cs-vm-w20#00 I: Test all:1:make_segment/get_points is successful.
2020-02-28T21:34:40+00:00 cs-vm-w20#00 I: Test all:0:make_point/get_coords is successful.
2020-02-28T21:34:40+00:00 cs-vm-w20#00 I: Ran: 15 tests in: 0.17 seconds.
2020-02-28T21:34:40+00:00 cs-vm-w20#00 I: Cases: 15.
2020-02-28T21:34:40+00:00 cs-vm-w20#00 I: Tried: 15.
2020-02-28T21:34:40+00:00 cs-vm-w20#00 I: Errors: 0.
2020-02-28T21:34:40+00:00 cs-vm-w20#00 I: Failures: 0.
2020-02-28T21:34:40+00:00 cs-vm-w20#00 I: Skip: 0.
2020-02-28T21:34:40+00:00 cs-vm-w20#00 I: Todo: 0.
2020-02-28T21:34:40+00:00 cs-vm-w20#00 I: Timeout: 0.
