2020-02-28T21:34:40+00:00 cs-vm-w20#02 I: Start test all:1:make_segment/get_points.
2020-02-28T21:34:40+00:00 cs-vm-w20#02 I: Test all:1:make_segment/get_points is successful.
2020-02-28T21:34:40+00:00 cs-vm-w20#02 I: End test all:1:make_segment/get_points.
2020-02-28T21:34:40+00:00 cs-vm-w20#02 I: Start test all:3:midpoint_segment.
2020-02-28T21:34:40+00:00 cs-vm-w20#02 I: Test all:3:midpoint_segment is successful.
2020-02-28T21:34:40+00:00 cs-vm-w20#02 I: End test all:3:midpoint_segment.
2020-02-28T21:34:40+00:00 cs-vm-w20#02 I: Start test all:5:make_rectangle2.
2020-02-28T21:34:40+00:00 cs-vm-w20#02 I: Test all:5:make_rectangle2 is successful.
2020-02-28T21:34:40+00:00 cs-vm-w20#02 I: End test all:5:make_rectangle2.
2020-02-28T21:34:40+00:00 cs-vm-w20#02 I: Start test all:6:integer pairs.
2020-02-28T21:34:40+00:00 cs-vm-w20#02 I: Test all:6:integer pairs is successful.
2020-02-28T21:34:40+00:00 cs-vm-w20#02 I: End test all:6:integer pairs.
2020-02-28T21:34:40+00:00 cs-vm-w20#02 I: Start test all:8:unary integers 2.
2020-02-28T21:34:40+00:00 cs-vm-w20#02 I: Test all:8:unary integers 2 is successful.
2020-02-28T21:34:40+00:00 cs-vm-w20#02 I: End test all:8:unary integers 2.
2020-02-28T21:34:40+00:00 cs-vm-w20#02 I: Start test all:9:is_balanced, total_weight1, total_weight2.
2020-02-28T21:34:40+00:00 cs-vm-w20#02 I: Test all:9:is_balanced, total_weight1, total_weight2 is successful.
2020-02-28T21:34:40+00:00 cs-vm-w20#02 I: End test all:9:is_balanced, total_weight1, total_weight2.
2020-02-28T21:34:40+00:00 cs-vm-w20#02 I: Start test all:10:is_balanced', total_weight'.
2020-02-28T21:34:40+00:00 cs-vm-w20#02 I: Test all:10:is_balanced', total_weight' is successful.
2020-02-28T21:34:40+00:00 cs-vm-w20#02 I: End test all:10:is_balanced', total_weight'.
2020-02-28T21:34:40+00:00 cs-vm-w20#02 I: Start test all:11:square_tree, square_tree'.
2020-02-28T21:34:40+00:00 cs-vm-w20#02 I: Test all:11:square_tree, square_tree' is successful.
2020-02-28T21:34:40+00:00 cs-vm-w20#02 I: End test all:11:square_tree, square_tree'.
2020-02-28T21:34:40+00:00 cs-vm-w20#02 I: Start test all:12:square_tree''.
2020-02-28T21:34:40+00:00 cs-vm-w20#02 I: Test all:12:square_tree'' is successful.
2020-02-28T21:34:40+00:00 cs-vm-w20#02 I: End test all:12:square_tree''.
2020-02-28T21:34:40+00:00 cs-vm-w20#02 I: Start test all:14:derivative.
2020-02-28T21:34:40+00:00 cs-vm-w20#02 I: Test all:14:derivative is successful.
2020-02-28T21:34:40+00:00 cs-vm-w20#02 I: End test all:14:derivative.
