2020-02-25T08:00:49+00:00 cs-vm-w20#00 I: Runner: processes
2020-02-25T08:00:49+00:00 cs-vm-w20#00 I: Chooser: simple
2020-02-25T08:00:49+00:00 cs-vm-w20#00 I: Configuration suite_name = "all"
2020-02-25T08:00:49+00:00 cs-vm-w20#00 I: Configuration cache_filename = "/home/student/Desktop/lab5/oUnit-$(suite_name).cache"
2020-02-25T08:00:49+00:00 cs-vm-w20#00 I: Configuration run_gc_full_major = "true"
2020-02-25T08:00:49+00:00 cs-vm-w20#00 I: Configuration display = "true"
2020-02-25T08:00:49+00:00 cs-vm-w20#00 I: Configuration results_style_1_X = "false"
2020-02-25T08:00:49+00:00 cs-vm-w20#00 I: Configuration testdata_dir = "none"
2020-02-25T08:00:49+00:00 cs-vm-w20#00 I: Configuration health_check_interval = "1."
2020-02-25T08:00:49+00:00 cs-vm-w20#00 I: Configuration verbose = "false"
2020-02-25T08:00:49+00:00 cs-vm-w20#00 I: Configuration chooser = "simple"
2020-02-25T08:00:49+00:00 cs-vm-w20#00 I: Configuration output_html_dir = "none"
2020-02-25T08:00:49+00:00 cs-vm-w20#00 I: Configuration processes_kill_period = "5."
2020-02-25T08:00:49+00:00 cs-vm-w20#00 I: Configuration runner = "processes"
2020-02-25T08:00:49+00:00 cs-vm-w20#00 I: Configuration shards = "2"
2020-02-25T08:00:49+00:00 cs-vm-w20#00 I: Configuration processes_grace_period = "5."
2020-02-25T08:00:49+00:00 cs-vm-w20#00 I: Configuration log_encoding = "utf-8"
2020-02-25T08:00:49+00:00 cs-vm-w20#00 I: Configuration output_junit_file = "none"
2020-02-25T08:00:49+00:00 cs-vm-w20#00 I: Configuration ci = "false"
2020-02-25T08:00:49+00:00 cs-vm-w20#00 I: Configuration output_file = "/home/student/Desktop/lab5/oUnit-$(suite_name)-$(shard_id).log"
2020-02-25T08:00:49+00:00 cs-vm-w20#00 I: Using 2 workers maximum.
2020-02-25T08:00:49+00:00 cs-vm-w20#00 I: Starting worker number cs-vm-w20#01.
2020-02-25T08:00:49+00:00 cs-vm-w20#00 I: Worker cs-vm-w20#01 started.
2020-02-25T08:00:49+00:00 cs-vm-w20#00 I: Starting worker number cs-vm-w20#02.
2020-02-25T08:00:49+00:00 cs-vm-w20#00 I: Worker cs-vm-w20#02 started.
2020-02-25T08:00:49+00:00 cs-vm-w20#00 I: 2 tests running: all:1:Problem A.2, all:0:Problem A.1.
2020-02-25T08:00:49+00:00 cs-vm-w20#01 I: Start test all:0:Problem A.1.
2020-02-25T08:00:49+00:00 cs-vm-w20#00 I: 2 tests running: all:1:Problem A.2, all:0:Problem A.1.
2020-02-25T08:00:49+00:00 cs-vm-w20#02 I: Start test all:1:Problem A.2.
2020-02-25T08:00:49+00:00 cs-vm-w20#00 I: 2 tests running: all:1:Problem A.2, all:0:Problem A.1.
2020-02-25T08:00:49+00:00 cs-vm-w20#01 I: Test all:0:Problem A.1 is successful.
2020-02-25T08:00:49+00:00 cs-vm-w20#00 I: 2 tests running: all:1:Problem A.2, all:0:Problem A.1.
2020-02-25T08:00:49+00:00 cs-vm-w20#02 I: Test all:1:Problem A.2 is successful.
2020-02-25T08:00:49+00:00 cs-vm-w20#00 I: 2 tests running: all:1:Problem A.2, all:0:Problem A.1.
2020-02-25T08:00:49+00:00 cs-vm-w20#01 I: End test all:0:Problem A.1.
2020-02-25T08:00:49+00:00 cs-vm-w20#00 I: 2 tests running: all:1:Problem A.2, all:0:Problem A.1.
2020-02-25T08:00:49+00:00 cs-vm-w20#00 I: Still 2 tests running : all:2:Problem B.1, all:1:Problem A.2.
2020-02-25T08:00:49+00:00 cs-vm-w20#00 I: 2 tests running: all:2:Problem B.1, all:1:Problem A.2.
2020-02-25T08:00:49+00:00 cs-vm-w20#01 I: Start test all:2:Problem B.1.
2020-02-25T08:00:49+00:00 cs-vm-w20#00 I: Still 2 tests running : all:2:Problem B.1, all:1:Problem A.2.
2020-02-25T08:00:49+00:00 cs-vm-w20#00 I: 2 tests running: all:2:Problem B.1, all:1:Problem A.2.
2020-02-25T08:00:49+00:00 cs-vm-w20#01 I: Test all:2:Problem B.1 is successful.
2020-02-25T08:00:49+00:00 cs-vm-w20#00 I: Still 2 tests running : all:2:Problem B.1, all:1:Problem A.2.
2020-02-25T08:00:49+00:00 cs-vm-w20#00 I: 2 tests running: all:2:Problem B.1, all:1:Problem A.2.
2020-02-25T08:00:49+00:00 cs-vm-w20#02 I: End test all:1:Problem A.2.
2020-02-25T08:00:49+00:00 cs-vm-w20#00 I: Still 2 tests running : all:2:Problem B.1, all:1:Problem A.2.
2020-02-25T08:00:49+00:00 cs-vm-w20#00 I: 2 tests running: all:2:Problem B.1, all:1:Problem A.2.
2020-02-25T08:00:49+00:00 cs-vm-w20#00 I: Still 1 tests running : all:2:Problem B.1.
2020-02-25T08:00:49+00:00 cs-vm-w20#00 I: 1 tests running: all:2:Problem B.1.
2020-02-25T08:00:49+00:00 cs-vm-w20#01 I: End test all:2:Problem B.1.
2020-02-25T08:00:49+00:00 cs-vm-w20#00 I: Still 1 tests running : all:2:Problem B.1.
2020-02-25T08:00:49+00:00 cs-vm-w20#00 I: 1 tests running: all:2:Problem B.1.
2020-02-25T08:00:49+00:00 cs-vm-w20#00 I: 0 tests running: .
2020-02-25T08:00:49+00:00 cs-vm-w20#00 I: Worker cs-vm-w20#01 has ended.
2020-02-25T08:00:49+00:00 cs-vm-w20#00 I: Worker cs-vm-w20#02 died unexpectedly.
2020-02-25T08:00:49+00:00 cs-vm-w20#00 I: Used 2 worker during test execution.
2020-02-25T08:00:49+00:00 cs-vm-w20#00 I: Run 2 tests with shard cs-vm-w20#01.
2020-02-25T08:00:49+00:00 cs-vm-w20#00 I: Run 1 tests with shard cs-vm-w20#02.
2020-02-25T08:00:49+00:00 cs-vm-w20#00 I: Check health of shard cs-vm-w20#01, 1 times.
2020-02-25T08:00:49+00:00 cs-vm-w20#00 I: Check health of shard cs-vm-w20#02, 4 times.
2020-02-25T08:00:49+00:00 cs-vm-w20#00 I: ==============
2020-02-25T08:00:49+00:00 cs-vm-w20#00 I: Summary:
2020-02-25T08:00:49+00:00 cs-vm-w20#00 I: Test all:2:Problem B.1 is successful.
2020-02-25T08:00:49+00:00 cs-vm-w20#00 I: Test all:1:Problem A.2 is successful.
2020-02-25T08:00:49+00:00 cs-vm-w20#00 I: Test all:0:Problem A.1 is successful.
2020-02-25T08:00:49+00:00 cs-vm-w20#00 I: Ran: 3 tests in: 0.13 seconds.
2020-02-25T08:00:49+00:00 cs-vm-w20#00 I: Cases: 3.
2020-02-25T08:00:49+00:00 cs-vm-w20#00 I: Tried: 3.
2020-02-25T08:00:49+00:00 cs-vm-w20#00 I: Errors: 0.
2020-02-25T08:00:49+00:00 cs-vm-w20#00 I: Failures: 0.
2020-02-25T08:00:49+00:00 cs-vm-w20#00 I: Skip: 0.
2020-02-25T08:00:49+00:00 cs-vm-w20#00 I: Todo: 0.
2020-02-25T08:00:49+00:00 cs-vm-w20#00 I: Timeout: 0.
