2020-02-28T21:34:27+00:00 cs-vm-w20#01 I: Start test all:0:last_sublist.
2020-02-28T21:34:27+00:00 cs-vm-w20#01 I: Test all:0:last_sublist is successful.
2020-02-28T21:34:27+00:00 cs-vm-w20#01 I: End test all:0:last_sublist.
2020-02-28T21:34:27+00:00 cs-vm-w20#01 I: Start test all:2:square_list.
2020-02-28T21:34:27+00:00 cs-vm-w20#01 I: Test all:2:square_list is successful.
2020-02-28T21:34:27+00:00 cs-vm-w20#01 I: End test all:2:square_list.
2020-02-28T21:34:27+00:00 cs-vm-w20#01 I: Start test all:4:count_negative_numbers.
2020-02-28T21:34:27+00:00 cs-vm-w20#01 I: Test all:4:count_negative_numbers is successful.
2020-02-28T21:34:27+00:00 cs-vm-w20#01 I: End test all:4:count_negative_numbers.
2020-02-28T21:34:27+00:00 cs-vm-w20#01 I: Start test all:6:prefix_sum.
2020-02-28T21:34:27+00:00 cs-vm-w20#01 I: Test all:6:prefix_sum is successful.
2020-02-28T21:34:27+00:00 cs-vm-w20#01 I: End test all:6:prefix_sum.
2020-02-28T21:34:27+00:00 cs-vm-w20#01 I: Start test all:7:deep_reverse.
2020-02-28T21:34:27+00:00 cs-vm-w20#01 I: Test all:7:deep_reverse is successful.
2020-02-28T21:34:27+00:00 cs-vm-w20#01 I: End test all:7:deep_reverse.
2020-02-28T21:34:27+00:00 cs-vm-w20#01 I: Start test all:9:quicksort.
2020-02-28T21:34:27+00:00 cs-vm-w20#01 I: Test all:9:quicksort is successful.
2020-02-28T21:34:27+00:00 cs-vm-w20#01 I: End test all:9:quicksort.
2020-02-28T21:34:27+00:00 cs-vm-w20#01 I: Start test all:11:subsets.
2020-02-28T21:34:27+00:00 cs-vm-w20#01 I: Test all:11:subsets is successful.
2020-02-28T21:34:27+00:00 cs-vm-w20#01 I: End test all:11:subsets.
2020-02-28T21:34:27+00:00 cs-vm-w20#01 I: Start test all:14:dot_product, matrix_times_vector, matrix_times_matrix.
2020-02-28T21:34:27+00:00 cs-vm-w20#01 I: Test all:14:dot_product, matrix_times_vector, matrix_times_matrix is successful.
2020-02-28T21:34:27+00:00 cs-vm-w20#01 I: End test all:14:dot_product, matrix_times_vector, matrix_times_matrix.
