2020-02-28T21:34:27+00:00 cs-vm-w20#02 I: Start test all:1:reverse.
2020-02-28T21:34:27+00:00 cs-vm-w20#02 I: Test all:1:reverse is successful.
2020-02-28T21:34:27+00:00 cs-vm-w20#02 I: End test all:1:reverse.
2020-02-28T21:34:27+00:00 cs-vm-w20#02 I: Start test all:3:square_list2.
2020-02-28T21:34:27+00:00 cs-vm-w20#02 I: Test all:3:square_list2 is successful.
2020-02-28T21:34:27+00:00 cs-vm-w20#02 I: End test all:3:square_list2.
2020-02-28T21:34:27+00:00 cs-vm-w20#02 I: Start test all:5:power_of_two_list.
2020-02-28T21:34:27+00:00 cs-vm-w20#02 I: Test all:5:power_of_two_list is successful.
2020-02-28T21:34:27+00:00 cs-vm-w20#02 I: End test all:5:power_of_two_list.
2020-02-28T21:34:27+00:00 cs-vm-w20#02 I: Start test all:8:deep_reverse_nested.
2020-02-28T21:34:27+00:00 cs-vm-w20#02 I: Test all:8:deep_reverse_nested is successful.
2020-02-28T21:34:27+00:00 cs-vm-w20#02 I: End test all:8:deep_reverse_nested.
2020-02-28T21:34:27+00:00 cs-vm-w20#02 I: Start test all:10:insertion_sort.
2020-02-28T21:34:27+00:00 cs-vm-w20#02 I: Test all:10:insertion_sort is successful.
2020-02-28T21:34:27+00:00 cs-vm-w20#02 I: End test all:10:insertion_sort.
2020-02-28T21:34:27+00:00 cs-vm-w20#02 I: Start test all:12:map, append, length.
2020-02-28T21:34:27+00:00 cs-vm-w20#02 I: Test all:12:map, append, length is successful.
2020-02-28T21:34:27+00:00 cs-vm-w20#02 I: End test all:12:map, append, length.
2020-02-28T21:34:27+00:00 cs-vm-w20#02 I: Start test all:13:accumulate_n.
2020-02-28T21:34:27+00:00 cs-vm-w20#02 I: Test all:13:accumulate_n is successful.
2020-02-28T21:34:27+00:00 cs-vm-w20#02 I: End test all:13:accumulate_n.
